2021-03-27T01:13:03+00:00 CRITICAL Uncaught Error: Class 'Constants' not found in C:\xampp\htdocs\2021\03\thelene\thelene-cn\themes\thelene\inc\class-cb-wc-widget-price-filter.php:24
Stack trace:
#0 C:\xampp\htdocs\2021\03\thelene\wp-includes\class-wp-widget-factory.php(61): WC_Widget_CBV_Price_Filter->__construct()
#1 C:\xampp\htdocs\2021\03\thelene\wp-includes\widgets.php(115): WP_Widget_Factory->register('WC_Widget_CBV_P...')
#2 C:\xampp\htdocs\2021\03\thelene\thelene-cn\themes\thelene\inc\class-cb-wc-widget-price-filter.php(177): register_widget('WC_Widget_CBV_P...')
#3 C:\xampp\htdocs\2021\03\thelene\wp-includes\class-wp-hook.php(287): cbv_wc_price_slider_load_widget('')
#4 C:\xampp\htdocs\2021\03\thelene\wp-includes\class-wp-hook.php(311): WP_Hook->apply_filters(NULL, Array)
#5 C:\xampp\htdocs\2021\03\thelene\wp-includes\plugin.php(478): WP_Hook->do_action(Array)
#6 C:\xampp\htdocs\2021\03\thelene\wp-includes\widgets.php(1773): do_action('widgets_init')
#7 C:\xampp\htdocs\2021\03\thelene\wp-includes\class-wp-hook.php(287): wp_widgets_ini in C:\xampp\htdocs\2021\03\thelene\thelene-cn\themes\thelene\inc\class-cb-wc-widget-price-filter.php on line 24

2021-03-27T01:24:25+00:00 CRITICAL syntax error, unexpected 'public' (T_PUBLIC) in C:\xampp\htdocs\2021\03\thelene\thelene-cn\themes\thelene\inc\class-cb-wc-widget-price-filter.php on line 13

2021-03-27T01:24:34+00:00 CRITICAL syntax error, unexpected 'public' (T_PUBLIC) in C:\xampp\htdocs\2021\03\thelene\thelene-cn\themes\thelene\inc\class-cb-wc-widget-price-filter.php on line 13

2021-03-27T04:31:45+00:00 CRITICAL syntax error, unexpected 'endif' (T_ENDIF) in C:\xampp\htdocs\2021\03\thelene\thelene-cn\themes\thelene\footer.php on line 41

2021-03-27T04:31:58+00:00 CRITICAL syntax error, unexpected 'endif' (T_ENDIF) in C:\xampp\htdocs\2021\03\thelene\thelene-cn\themes\thelene\footer.php on line 41

2021-03-27T04:32:19+00:00 CRITICAL syntax error, unexpected 'endif' (T_ENDIF) in C:\xampp\htdocs\2021\03\thelene\thelene-cn\themes\thelene\footer.php on line 41

2021-03-27T04:33:43+00:00 CRITICAL syntax error, unexpected 'endif' (T_ENDIF) in C:\xampp\htdocs\2021\03\thelene\thelene-cn\themes\thelene\footer.php on line 41

2021-03-27T04:34:21+00:00 CRITICAL syntax error, unexpected 'endif' (T_ENDIF) in C:\xampp\htdocs\2021\03\thelene\thelene-cn\themes\thelene\footer.php on line 41

2021-03-27T04:34:46+00:00 CRITICAL syntax error, unexpected 'endif' (T_ENDIF) in C:\xampp\htdocs\2021\03\thelene\thelene-cn\themes\thelene\footer.php on line 41

2021-03-27T04:35:08+00:00 CRITICAL syntax error, unexpected 'endif' (T_ENDIF) in C:\xampp\htdocs\2021\03\thelene\thelene-cn\themes\thelene\footer.php on line 41

2021-03-27T04:35:27+00:00 CRITICAL syntax error, unexpected 'endif' (T_ENDIF) in C:\xampp\htdocs\2021\03\thelene\thelene-cn\themes\thelene\footer.php on line 41

2021-03-27T04:35:39+00:00 CRITICAL syntax error, unexpected 'endif' (T_ENDIF) in C:\xampp\htdocs\2021\03\thelene\thelene-cn\themes\thelene\footer.php on line 41

2021-03-27T04:35:56+00:00 CRITICAL syntax error, unexpected 'endif' (T_ENDIF) in C:\xampp\htdocs\2021\03\thelene\thelene-cn\themes\thelene\footer.php on line 41

2021-03-27T04:36:03+00:00 CRITICAL syntax error, unexpected 'endif' (T_ENDIF) in C:\xampp\htdocs\2021\03\thelene\thelene-cn\themes\thelene\footer.php on line 41

2021-03-27T04:36:27+00:00 CRITICAL syntax error, unexpected 'endif' (T_ENDIF) in C:\xampp\htdocs\2021\03\thelene\thelene-cn\themes\thelene\footer.php on line 41

2021-03-27T04:36:46+00:00 CRITICAL syntax error, unexpected 'endif' (T_ENDIF) in C:\xampp\htdocs\2021\03\thelene\thelene-cn\themes\thelene\footer.php on line 41

2021-03-27T04:38:09+00:00 CRITICAL syntax error, unexpected end of file, expecting elseif (T_ELSEIF) or else (T_ELSE) or endif (T_ENDIF) in C:\xampp\htdocs\2021\03\thelene\thelene-cn\themes\thelene\footer.php on line 164

